2025-12-24T00:02:18.663+05:30 DEBUG 10368 --- [task-management-system] [http-nio-8080-exec-3] o.s.web.servlet.DispatcherServlet        : POST "/api/auth/register", parameters={}
2025-12-24T00:02:18.757+05:30 DEBUG 10368 --- [task-management-system] [http-nio-8080-exec-3] s.w.s.m.m.a.RequestMappingHandlerMapping : Mapped to com.project.task_manager.controller.AuthController#register(RegisterRequest)
2025-12-24T00:02:18.825+05:30 DEBUG 10368 --- [task-management-system] [http-nio-8080-exec-3] m.m.a.RequestResponseBodyMethodProcessor : Read "application/json;charset=UTF-8" to [com.project.task_manager.dto.request.RegisterRequest@7a34ff3]
2025-12-24T00:02:19.365+05:30 DEBUG 10368 --- [task-management-system] [http-nio-8080-exec-3] o.s.w.s.m.m.a.HttpEntityMethodProcessor  : Using 'application/json', given [application/json, text/plain, */*] and supported [application/json, application/*+json]
2025-12-24T00:02:19.367+05:30 DEBUG 10368 --- [task-management-system] [http-nio-8080-exec-3] o.s.w.s.m.m.a.HttpEntityMethodProcessor  : Writing [com.project.task_manager.dto.response.AuthResponse@7a63f965]
2025-12-24T00:02:19.368+05:30 DEBUG 10368 --- [task-management-system] [http-nio-8080-exec-3] o.s.web.servlet.DispatcherServlet        : Completed 201 CREATED
2025-12-24T00:02:44.630+05:30 DEBUG 10368 --- [task-management-system] [http-nio-8080-exec-7] o.s.web.servlet.DispatcherServlet        : POST "/api/auth/login", parameters={}
2025-12-24T00:02:44.631+05:30 DEBUG 10368 --- [task-management-system] [http-nio-8080-exec-7] s.w.s.m.m.a.RequestMappingHandlerMapping : Mapped to com.project.task_manager.controller.AuthController#login(LoginRequest)
2025-12-24T00:02:44.634+05:30 DEBUG 10368 --- [task-management-system] [http-nio-8080-exec-7] m.m.a.RequestResponseBodyMethodProcessor : Read "application/json;charset=UTF-8" to [com.project.task_manager.dto.request.LoginRequest@7d84118]
2025-12-24T00:02:44.757+05:30 DEBUG 10368 --- [task-management-system] [http-nio-8080-exec-7] o.s.w.s.m.m.a.HttpEntityMethodProcessor  : Using 'application/json', given [application/json, text/plain, */*] and supported [application/json, application/*+json]
2025-12-24T00:02:44.757+05:30 DEBUG 10368 --- [task-management-system] [http-nio-8080-exec-7] o.s.w.s.m.m.a.HttpEntityMethodProcessor  : Writing [com.project.task_manager.dto.response.AuthResponse@731a17c1]
2025-12-24T00:02:44.758+05:30 DEBUG 10368 --- [task-management-system] [http-nio-8080-exec-7] o.s.web.servlet.DispatcherServlet        : Completed 200 OK
2025-12-24T00:02:44.821+05:30 DEBUG 10368 --- [task-management-system] [http-nio-8080-exec-1] o.s.web.servlet.DispatcherServlet        : GET "/api/tasks/my-tasks", parameters={}
2025-12-24T00:02:44.822+05:30 DEBUG 10368 --- [task-management-system] [http-nio-8080-exec-1] s.w.s.m.m.a.RequestMappingHandlerMapping : Mapped to com.project.task_manager.controller.TaskController#getMyTasks()
2025-12-24T00:02:44.852+05:30 DEBUG 10368 --- [task-management-system] [http-nio-8080-exec-1] o.s.w.s.m.m.a.HttpEntityMethodProcessor  : Using 'application/json', given [application/json, text/plain, */*] and supported [application/json, application/*+json]
2025-12-24T00:02:44.853+05:30 DEBUG 10368 --- [task-management-system] [http-nio-8080-exec-1] o.s.w.s.m.m.a.HttpEntityMethodProcessor  : Writing [[]]
2025-12-24T00:02:44.854+05:30 DEBUG 10368 --- [task-management-system] [http-nio-8080-exec-1] o.s.web.servlet.DispatcherServlet        : Completed 200 OK
2025-12-24T00:02:47.745+05:30 DEBUG 10368 --- [task-management-system] [http-nio-8080-exec-8] o.s.web.servlet.DispatcherServlet        : GET "/api/projects/my-projects", parameters={}
2025-12-24T00:02:47.746+05:30 DEBUG 10368 --- [task-management-system] [http-nio-8080-exec-8] s.w.s.m.m.a.RequestMappingHandlerMapping : Mapped to com.project.task_manager.controller.ProjectController#getMyProjects()
2025-12-24T00:02:47.764+05:30 DEBUG 10368 --- [task-management-system] [http-nio-8080-exec-8] o.s.w.s.m.m.a.HttpEntityMethodProcessor  : Using 'application/json', given [application/json, text/plain, */*] and supported [application/json, application/*+json]
2025-12-24T00:02:47.764+05:30 DEBUG 10368 --- [task-management-system] [http-nio-8080-exec-8] o.s.w.s.m.m.a.HttpEntityMethodProcessor  : Writing [[]]
2025-12-24T00:02:47.767+05:30 DEBUG 10368 --- [task-management-system] [http-nio-8080-exec-8] o.s.web.servlet.DispatcherServlet        : Completed 200 OK
2025-12-24T00:02:57.368+05:30 DEBUG 10368 --- [task-management-system] [http-nio-8080-exec-10] o.s.web.servlet.DispatcherServlet        : GET "/api/tasks/my-tasks", parameters={}
2025-12-24T00:02:57.369+05:30 DEBUG 10368 --- [task-management-system] [http-nio-8080-exec-10] s.w.s.m.m.a.RequestMappingHandlerMapping : Mapped to com.project.task_manager.controller.TaskController#getMyTasks()
2025-12-24T00:02:57.386+05:30 DEBUG 10368 --- [task-management-system] [http-nio-8080-exec-10] o.s.w.s.m.m.a.HttpEntityMethodProcessor  : Using 'application/json', given [application/json, text/plain, */*] and supported [application/json, application/*+json]
2025-12-24T00:02:57.386+05:30 DEBUG 10368 --- [task-management-system] [http-nio-8080-exec-10] o.s.w.s.m.m.a.HttpEntityMethodProcessor  : Writing [[]]
2025-12-24T00:02:57.387+05:30 DEBUG 10368 --- [task-management-system] [http-nio-8080-exec-10] o.s.web.servlet.DispatcherServlet        : Completed 200 OK
2025-12-24T00:02:58.729+05:30 DEBUG 10368 --- [task-management-system] [http-nio-8080-exec-4] o.s.web.servlet.DispatcherServlet        : GET "/api/tasks/my-tasks", parameters={}
2025-12-24T00:02:58.729+05:30 DEBUG 10368 --- [task-management-system] [http-nio-8080-exec-4] s.w.s.m.m.a.RequestMappingHandlerMapping : Mapped to com.project.task_manager.controller.TaskController#getMyTasks()
2025-12-24T00:02:58.750+05:30 DEBUG 10368 --- [task-management-system] [http-nio-8080-exec-4] o.s.w.s.m.m.a.HttpEntityMethodProcessor  : Using 'application/json', given [application/json, text/plain, */*] and supported [application/json, application/*+json]
2025-12-24T00:02:58.751+05:30 DEBUG 10368 --- [task-management-system] [http-nio-8080-exec-4] o.s.w.s.m.m.a.HttpEntityMethodProcessor  : Writing [[]]
2025-12-24T00:02:58.752+05:30 DEBUG 10368 --- [task-management-system] [http-nio-8080-exec-4] o.s.web.servlet.DispatcherServlet        : Completed 200 OK
2025-12-24T00:03:04.981+05:30 DEBUG 10368 --- [task-management-system] [http-nio-8080-exec-2] o.s.web.servlet.DispatcherServlet        : GET "/api/tasks/my-tasks", parameters={}
2025-12-24T00:03:04.982+05:30 DEBUG 10368 --- [task-management-system] [http-nio-8080-exec-2] s.w.s.m.m.a.RequestMappingHandlerMapping : Mapped to com.project.task_manager.controller.TaskController#getMyTasks()
2025-12-24T00:03:05.001+05:30 DEBUG 10368 --- [task-management-system] [http-nio-8080-exec-2] o.s.w.s.m.m.a.HttpEntityMethodProcessor  : Using 'application/json', given [application/json, text/plain, */*] and supported [application/json, application/*+json]
2025-12-24T00:03:05.001+05:30 DEBUG 10368 --- [task-management-system] [http-nio-8080-exec-2] o.s.w.s.m.m.a.HttpEntityMethodProcessor  : Writing [[]]
2025-12-24T00:03:05.002+05:30 DEBUG 10368 --- [task-management-system] [http-nio-8080-exec-2] o.s.web.servlet.DispatcherServlet        : Completed 200 OK
2025-12-24T00:03:05.893+05:30 DEBUG 10368 --- [task-management-system] [http-nio-8080-exec-5] o.s.web.servlet.DispatcherServlet        : GET "/api/projects/my-projects", parameters={}
2025-12-24T00:03:05.895+05:30 DEBUG 10368 --- [task-management-system] [http-nio-8080-exec-5] s.w.s.m.m.a.RequestMappingHandlerMapping : Mapped to com.project.task_manager.controller.ProjectController#getMyProjects()
2025-12-24T00:03:05.912+05:30 DEBUG 10368 --- [task-management-system] [http-nio-8080-exec-5] o.s.w.s.m.m.a.HttpEntityMethodProcessor  : Using 'application/json', given [application/json, text/plain, */*] and supported [application/json, application/*+json]
2025-12-24T00:03:05.913+05:30 DEBUG 10368 --- [task-management-system] [http-nio-8080-exec-5] o.s.w.s.m.m.a.HttpEntityMethodProcessor  : Writing [[]]
2025-12-24T00:03:05.914+05:30 DEBUG 10368 --- [task-management-system] [http-nio-8080-exec-5] o.s.web.servlet.DispatcherServlet        : Completed 200 OK
2025-12-24T00:05:42.771+05:30 DEBUG 10368 --- [task-management-system] [http-nio-8080-exec-8] o.s.web.servlet.DispatcherServlet        : GET "/api/tasks/my-tasks", parameters={}
2025-12-24T00:05:42.772+05:30 DEBUG 10368 --- [task-management-system] [http-nio-8080-exec-8] s.w.s.m.m.a.RequestMappingHandlerMapping : Mapped to com.project.task_manager.controller.TaskController#getMyTasks()
2025-12-24T00:05:42.789+05:30 DEBUG 10368 --- [task-management-system] [http-nio-8080-exec-8] o.s.w.s.m.m.a.HttpEntityMethodProcessor  : Using 'application/json', given [application/json, text/plain, */*] and supported [application/json, application/*+json]
2025-12-24T00:05:42.789+05:30 DEBUG 10368 --- [task-management-system] [http-nio-8080-exec-8] o.s.w.s.m.m.a.HttpEntityMethodProcessor  : Writing [[]]
2025-12-24T00:05:42.791+05:30 DEBUG 10368 --- [task-management-system] [http-nio-8080-exec-8] o.s.web.servlet.DispatcherServlet        : Completed 200 OK
2025-12-24T00:05:44.172+05:30 DEBUG 10368 --- [task-management-system] [http-nio-8080-exec-9] o.s.web.servlet.DispatcherServlet        : GET "/api/tasks/my-tasks", parameters={}
2025-12-24T00:05:44.172+05:30 DEBUG 10368 --- [task-management-system] [http-nio-8080-exec-9] s.w.s.m.m.a.RequestMappingHandlerMapping : Mapped to com.project.task_manager.controller.TaskController#getMyTasks()
2025-12-24T00:05:44.192+05:30 DEBUG 10368 --- [task-management-system] [http-nio-8080-exec-9] o.s.w.s.m.m.a.HttpEntityMethodProcessor  : Using 'application/json', given [application/json, text/plain, */*] and supported [application/json, application/*+json]
2025-12-24T00:05:44.192+05:30 DEBUG 10368 --- [task-management-system] [http-nio-8080-exec-9] o.s.w.s.m.m.a.HttpEntityMethodProcessor  : Writing [[]]
2025-12-24T00:05:44.194+05:30 DEBUG 10368 --- [task-management-system] [http-nio-8080-exec-9] o.s.web.servlet.DispatcherServlet        : Completed 200 OK
2025-12-24T00:05:59.954+05:30 DEBUG 10368 --- [task-management-system] [http-nio-8080-exec-4] o.s.web.servlet.DispatcherServlet        : POST "/api/auth/login", parameters={}
2025-12-24T00:05:59.954+05:30 DEBUG 10368 --- [task-management-system] [http-nio-8080-exec-4] s.w.s.m.m.a.RequestMappingHandlerMapping : Mapped to com.project.task_manager.controller.AuthController#login(LoginRequest)
2025-12-24T00:05:59.955+05:30 DEBUG 10368 --- [task-management-system] [http-nio-8080-exec-4] m.m.a.RequestResponseBodyMethodProcessor : Read "application/json;charset=UTF-8" to [com.project.task_manager.dto.request.LoginRequest@12b5bf5]
2025-12-24T00:06:00.068+05:30 DEBUG 10368 --- [task-management-system] [http-nio-8080-exec-4] o.s.w.s.m.m.a.HttpEntityMethodProcessor  : Using 'application/json', given [application/json, text/plain, */*] and supported [application/json, application/*+json]
2025-12-24T00:06:00.069+05:30 DEBUG 10368 --- [task-management-system] [http-nio-8080-exec-4] o.s.w.s.m.m.a.HttpEntityMethodProcessor  : Writing [com.project.task_manager.dto.response.AuthResponse@5dd28f0d]
2025-12-24T00:06:00.069+05:30 DEBUG 10368 --- [task-management-system] [http-nio-8080-exec-4] o.s.web.servlet.DispatcherServlet        : Completed 200 OK
2025-12-24T00:06:00.114+05:30 DEBUG 10368 --- [task-management-system] [http-nio-8080-exec-2] o.s.web.servlet.DispatcherServlet        : GET "/api/tasks/my-tasks", parameters={}
2025-12-24T00:06:00.114+05:30 DEBUG 10368 --- [task-management-system] [http-nio-8080-exec-2] s.w.s.m.m.a.RequestMappingHandlerMapping : Mapped to com.project.task_manager.controller.TaskController#getMyTasks()
2025-12-24T00:06:00.138+05:30 DEBUG 10368 --- [task-management-system] [http-nio-8080-exec-2] o.s.w.s.m.m.a.HttpEntityMethodProcessor  : Using 'application/json', given [application/json, text/plain, */*] and supported [application/json, application/*+json]
2025-12-24T00:06:00.138+05:30 DEBUG 10368 --- [task-management-system] [http-nio-8080-exec-2] o.s.w.s.m.m.a.HttpEntityMethodProcessor  : Writing [[com.project.task_manager.dto.response.TaskResponse@73adf5c3]]
2025-12-24T00:06:00.139+05:30 DEBUG 10368 --- [task-management-system] [http-nio-8080-exec-2] o.s.web.servlet.DispatcherServlet        : Completed 200 OK
2025-12-24T00:06:02.297+05:30 DEBUG 10368 --- [task-management-system] [http-nio-8080-exec-7] o.s.web.servlet.DispatcherServlet        : GET "/api/tasks/my-tasks", parameters={}
2025-12-24T00:06:02.298+05:30 DEBUG 10368 --- [task-management-system] [http-nio-8080-exec-7] s.w.s.m.m.a.RequestMappingHandlerMapping : Mapped to com.project.task_manager.controller.TaskController#getMyTasks()
2025-12-24T00:06:02.319+05:30 DEBUG 10368 --- [task-management-system] [http-nio-8080-exec-7] o.s.w.s.m.m.a.HttpEntityMethodProcessor  : Using 'application/json', given [application/json, text/plain, */*] and supported [application/json, application/*+json]
2025-12-24T00:06:02.320+05:30 DEBUG 10368 --- [task-management-system] [http-nio-8080-exec-7] o.s.w.s.m.m.a.HttpEntityMethodProcessor  : Writing [[com.project.task_manager.dto.response.TaskResponse@1d6347a1]]
2025-12-24T00:06:02.321+05:30 DEBUG 10368 --- [task-management-system] [http-nio-8080-exec-7] o.s.web.servlet.DispatcherServlet        : Completed 200 OK
2025-12-24T00:06:04.726+05:30 DEBUG 10368 --- [task-management-system] [http-nio-8080-exec-6] o.s.web.servlet.DispatcherServlet        : GET "/api/projects/my-projects", parameters={}
2025-12-24T00:06:04.727+05:30 DEBUG 10368 --- [task-management-system] [http-nio-8080-exec-6] s.w.s.m.m.a.RequestMappingHandlerMapping : Mapped to com.project.task_manager.controller.ProjectController#getMyProjects()
2025-12-24T00:06:04.741+05:30 DEBUG 10368 --- [task-management-system] [http-nio-8080-exec-8] o.s.web.servlet.DispatcherServlet        : GET "/api/users", parameters={}
2025-12-24T00:06:04.741+05:30 DEBUG 10368 --- [task-management-system] [http-nio-8080-exec-8] s.w.s.m.m.a.RequestMappingHandlerMapping : Mapped to com.project.task_manager.controller.UserController#getAllUsers()
2025-12-24T00:06:04.757+05:30 DEBUG 10368 --- [task-management-system] [http-nio-8080-exec-6] o.s.w.s.m.m.a.HttpEntityMethodProcessor  : Using 'application/json', given [application/json, text/plain, */*] and supported [application/json, application/*+json]
2025-12-24T00:06:04.758+05:30 DEBUG 10368 --- [task-management-system] [http-nio-8080-exec-6] o.s.w.s.m.m.a.HttpEntityMethodProcessor  : Writing [[com.project.task_manager.dto.response.ProjectResponse@634cca29, com.project.task_manager.dto.respon (truncated)...]
2025-12-24T00:06:04.759+05:30 DEBUG 10368 --- [task-management-system] [http-nio-8080-exec-6] o.s.web.servlet.DispatcherServlet        : Completed 200 OK
2025-12-24T00:06:04.808+05:30 DEBUG 10368 --- [task-management-system] [http-nio-8080-exec-8] o.s.w.s.m.m.a.HttpEntityMethodProcessor  : Using 'application/json', given [application/json, text/plain, */*] and supported [application/json, application/*+json]
2025-12-24T00:06:04.808+05:30 DEBUG 10368 --- [task-management-system] [http-nio-8080-exec-8] o.s.w.s.m.m.a.HttpEntityMethodProcessor  : Writing [[com.project.task_manager.dto.response.UserResponse@28ac9cc4, com.project.task_manager.dto.response. (truncated)...]
2025-12-24T00:06:04.814+05:30 DEBUG 10368 --- [task-management-system] [http-nio-8080-exec-8] o.s.web.servlet.DispatcherServlet        : Completed 200 OK
2025-12-24T00:08:14.848+05:30 DEBUG 10368 --- [task-management-system] [http-nio-8080-exec-3] o.s.web.servlet.DispatcherServlet        : POST "/api/auth/login", parameters={}
2025-12-24T00:08:14.850+05:30 DEBUG 10368 --- [task-management-system] [http-nio-8080-exec-3] s.w.s.m.m.a.RequestMappingHandlerMapping : Mapped to com.project.task_manager.controller.AuthController#login(LoginRequest)
2025-12-24T00:08:14.853+05:30 DEBUG 10368 --- [task-management-system] [http-nio-8080-exec-3] m.m.a.RequestResponseBodyMethodProcessor : Read "application/json;charset=UTF-8" to [com.project.task_manager.dto.request.LoginRequest@33dd11dc]
2025-12-24T00:08:14.972+05:30 DEBUG 10368 --- [task-management-system] [http-nio-8080-exec-3] o.s.w.s.m.m.a.HttpEntityMethodProcessor  : Using 'application/json', given [application/json, text/plain, */*] and supported [application/json, application/*+json]
2025-12-24T00:08:14.973+05:30 DEBUG 10368 --- [task-management-system] [http-nio-8080-exec-3] o.s.w.s.m.m.a.HttpEntityMethodProcessor  : Writing [com.project.task_manager.dto.response.AuthResponse@769eecfb]
2025-12-24T00:08:14.974+05:30 DEBUG 10368 --- [task-management-system] [http-nio-8080-exec-3] o.s.web.servlet.DispatcherServlet        : Completed 200 OK
2025-12-24T00:08:15.039+05:30 DEBUG 10368 --- [task-management-system] [http-nio-8080-exec-7] o.s.web.servlet.DispatcherServlet        : GET "/api/tasks/my-tasks", parameters={}
2025-12-24T00:08:15.040+05:30 DEBUG 10368 --- [task-management-system] [http-nio-8080-exec-7] s.w.s.m.m.a.RequestMappingHandlerMapping : Mapped to com.project.task_manager.controller.TaskController#getMyTasks()
2025-12-24T00:08:15.058+05:30 DEBUG 10368 --- [task-management-system] [http-nio-8080-exec-7] o.s.w.s.m.m.a.HttpEntityMethodProcessor  : Using 'application/json', given [application/json, text/plain, */*] and supported [application/json, application/*+json]
2025-12-24T00:08:15.059+05:30 DEBUG 10368 --- [task-management-system] [http-nio-8080-exec-7] o.s.w.s.m.m.a.HttpEntityMethodProcessor  : Writing [[com.project.task_manager.dto.response.TaskResponse@6a882af6]]
2025-12-24T00:08:15.060+05:30 DEBUG 10368 --- [task-management-system] [http-nio-8080-exec-7] o.s.web.servlet.DispatcherServlet        : Completed 200 OK
2025-12-24T00:08:18.440+05:30 DEBUG 10368 --- [task-management-system] [http-nio-8080-exec-1] o.s.web.servlet.DispatcherServlet        : GET "/api/projects/my-projects", parameters={}
2025-12-24T00:08:18.440+05:30 DEBUG 10368 --- [task-management-system] [http-nio-8080-exec-1] s.w.s.m.m.a.RequestMappingHandlerMapping : Mapped to com.project.task_manager.controller.ProjectController#getMyProjects()
2025-12-24T00:08:18.456+05:30 DEBUG 10368 --- [task-management-system] [http-nio-8080-exec-1] o.s.w.s.m.m.a.HttpEntityMethodProcessor  : Using 'application/json', given [application/json, text/plain, */*] and supported [application/json, application/*+json]
2025-12-24T00:08:18.457+05:30 DEBUG 10368 --- [task-management-system] [http-nio-8080-exec-1] o.s.w.s.m.m.a.HttpEntityMethodProcessor  : Writing [[com.project.task_manager.dto.response.ProjectResponse@621f9e4f, com.project.task_manager.dto.respon (truncated)...]
2025-12-24T00:08:18.458+05:30 DEBUG 10368 --- [task-management-system] [http-nio-8080-exec-1] o.s.web.servlet.DispatcherServlet        : Completed 200 OK
2025-12-24T00:08:23.256+05:30 DEBUG 10368 --- [task-management-system] [http-nio-8080-exec-8] o.s.web.servlet.DispatcherServlet        : GET "/api/projects/1", parameters={}
2025-12-24T00:08:23.257+05:30 DEBUG 10368 --- [task-management-system] [http-nio-8080-exec-8] s.w.s.m.m.a.RequestMappingHandlerMapping : Mapped to com.project.task_manager.controller.ProjectController#getProjectById(Long)
2025-12-24T00:08:23.270+05:30 DEBUG 10368 --- [task-management-system] [http-nio-8080-exec-8] o.s.w.s.m.m.a.HttpEntityMethodProcessor  : Using 'application/json', given [application/json, text/plain, */*] and supported [application/json, application/*+json]
2025-12-24T00:08:23.271+05:30 DEBUG 10368 --- [task-management-system] [http-nio-8080-exec-8] o.s.w.s.m.m.a.HttpEntityMethodProcessor  : Writing [com.project.task_manager.dto.response.ProjectResponse@2cc4558a]
2025-12-24T00:08:23.272+05:30 DEBUG 10368 --- [task-management-system] [http-nio-8080-exec-8] o.s.web.servlet.DispatcherServlet        : Completed 200 OK
2025-12-24T00:08:23.303+05:30 DEBUG 10368 --- [task-management-system] [http-nio-8080-exec-3] o.s.web.servlet.DispatcherServlet        : GET "/api/projects/1/stats", parameters={}
2025-12-24T00:08:23.303+05:30 DEBUG 10368 --- [task-management-system] [http-nio-8080-exec-2] o.s.web.servlet.DispatcherServlet        : GET "/api/tasks/project/1", parameters={}
2025-12-24T00:08:23.303+05:30 DEBUG 10368 --- [task-management-system] [http-nio-8080-exec-2] s.w.s.m.m.a.RequestMappingHandlerMapping : Mapped to com.project.task_manager.controller.TaskController#getTasksForProject(Long)
2025-12-24T00:08:23.304+05:30 DEBUG 10368 --- [task-management-system] [http-nio-8080-exec-3] o.s.w.s.handler.SimpleUrlHandlerMapping  : Mapped to ResourceHttpRequestHandler [classpath [META-INF/resources/], classpath [resources/], classpath [static/], classpath [public/], ServletContext [/]]
2025-12-24T00:08:23.307+05:30 DEBUG 10368 --- [task-management-system] [http-nio-8080-exec-3] o.s.w.s.r.ResourceHttpRequestHandler     : Resource not found
2025-12-24T00:08:23.308+05:30 DEBUG 10368 --- [task-management-system] [http-nio-8080-exec-7] o.s.web.servlet.DispatcherServlet        : GET "/api/projects/1/team", parameters={}
2025-12-24T00:08:23.309+05:30 DEBUG 10368 --- [task-management-system] [http-nio-8080-exec-3] .w.s.m.s.DefaultHandlerExceptionResolver : Resolved [org.springframework.web.servlet.resource.NoResourceFoundException: No static resource projects/1/stats.]
2025-12-24T00:08:23.309+05:30 DEBUG 10368 --- [task-management-system] [http-nio-8080-exec-7] s.w.s.m.m.a.RequestMappingHandlerMapping : Mapped to com.project.task_manager.controller.ProjectController#getProjectTeam(Long)
2025-12-24T00:08:23.309+05:30 DEBUG 10368 --- [task-management-system] [http-nio-8080-exec-3] o.s.web.servlet.DispatcherServlet        : Completed 404 NOT_FOUND
2025-12-24T00:08:23.322+05:30 DEBUG 10368 --- [task-management-system] [http-nio-8080-exec-2] o.s.w.s.m.m.a.HttpEntityMethodProcessor  : Using 'application/json', given [application/json, text/plain, */*] and supported [application/json, application/*+json]
2025-12-24T00:08:23.323+05:30 DEBUG 10368 --- [task-management-system] [http-nio-8080-exec-2] o.s.w.s.m.m.a.HttpEntityMethodProcessor  : Writing [[com.project.task_manager.dto.response.TaskResponse@64bf4727]]
2025-12-24T00:08:23.324+05:30 DEBUG 10368 --- [task-management-system] [http-nio-8080-exec-2] o.s.web.servlet.DispatcherServlet        : Completed 200 OK
2025-12-24T00:08:23.335+05:30 DEBUG 10368 --- [task-management-system] [http-nio-8080-exec-7] o.s.w.s.m.m.a.HttpEntityMethodProcessor  : Using 'application/json', given [application/json, text/plain, */*] and supported [application/json, application/*+json]
2025-12-24T00:08:23.336+05:30 DEBUG 10368 --- [task-management-system] [http-nio-8080-exec-7] o.s.w.s.m.m.a.HttpEntityMethodProcessor  : Writing [[{role=MANAGER, joinedAt=2025-12-22T21:23:35.531303, userId=1, email=adithya_d@gmail.com, username=a (truncated)...]
2025-12-24T00:08:23.337+05:30 DEBUG 10368 --- [task-management-system] [http-nio-8080-exec-7] o.s.web.servlet.DispatcherServlet        : Completed 200 OK
2025-12-24T00:08:25.208+05:30 DEBUG 10368 --- [task-management-system] [http-nio-8080-exec-6] o.s.web.servlet.DispatcherServlet        : GET "/api/projects/my-projects", parameters={}
2025-12-24T00:08:25.209+05:30 DEBUG 10368 --- [task-management-system] [http-nio-8080-exec-6] s.w.s.m.m.a.RequestMappingHandlerMapping : Mapped to com.project.task_manager.controller.ProjectController#getMyProjects()
2025-12-24T00:08:25.237+05:30 DEBUG 10368 --- [task-management-system] [http-nio-8080-exec-6] o.s.w.s.m.m.a.HttpEntityMethodProcessor  : Using 'application/json', given [application/json, text/plain, */*] and supported [application/json, application/*+json]
2025-12-24T00:08:25.238+05:30 DEBUG 10368 --- [task-management-system] [http-nio-8080-exec-6] o.s.w.s.m.m.a.HttpEntityMethodProcessor  : Writing [[com.project.task_manager.dto.response.ProjectResponse@457c6499, com.project.task_manager.dto.respon (truncated)...]
2025-12-24T00:08:25.241+05:30 DEBUG 10368 --- [task-management-system] [http-nio-8080-exec-6] o.s.web.servlet.DispatcherServlet        : Completed 200 OK
2025-12-24T00:08:25.243+05:30 DEBUG 10368 --- [task-management-system] [http-nio-8080-exec-8] o.s.web.servlet.DispatcherServlet        : GET "/api/users", parameters={}
2025-12-24T00:08:25.244+05:30 DEBUG 10368 --- [task-management-system] [http-nio-8080-exec-8] s.w.s.m.m.a.RequestMappingHandlerMapping : Mapped to com.project.task_manager.controller.UserController#getAllUsers()
2025-12-24T00:08:25.257+05:30 DEBUG 10368 --- [task-management-system] [http-nio-8080-exec-8] o.s.w.s.m.m.a.HttpEntityMethodProcessor  : Using 'application/json', given [application/json, text/plain, */*] and supported [application/json, application/*+json]
2025-12-24T00:08:25.257+05:30 DEBUG 10368 --- [task-management-system] [http-nio-8080-exec-8] o.s.w.s.m.m.a.HttpEntityMethodProcessor  : Writing [[com.project.task_manager.dto.response.UserResponse@be402e7, com.project.task_manager.dto.response.U (truncated)...]
2025-12-24T00:08:25.259+05:30 DEBUG 10368 --- [task-management-system] [http-nio-8080-exec-8] o.s.web.servlet.DispatcherServlet        : Completed 200 OK
2025-12-24T00:09:22.045+05:30 DEBUG 10368 --- [task-management-system] [http-nio-8080-exec-10] o.s.web.servlet.DispatcherServlet        : GET "/api/projects/my-projects", parameters={}
2025-12-24T00:09:22.046+05:30 DEBUG 10368 --- [task-management-system] [http-nio-8080-exec-10] s.w.s.m.m.a.RequestMappingHandlerMapping : Mapped to com.project.task_manager.controller.ProjectController#getMyProjects()
2025-12-24T00:09:22.063+05:30 DEBUG 10368 --- [task-management-system] [http-nio-8080-exec-10] o.s.w.s.m.m.a.HttpEntityMethodProcessor  : Using 'application/json', given [application/json, text/plain, */*] and supported [application/json, application/*+json]
2025-12-24T00:09:22.063+05:30 DEBUG 10368 --- [task-management-system] [http-nio-8080-exec-10] o.s.w.s.m.m.a.HttpEntityMethodProcessor  : Writing [[com.project.task_manager.dto.response.ProjectResponse@720a597, com.project.task_manager.dto.respons (truncated)...]
2025-12-24T00:09:22.067+05:30 DEBUG 10368 --- [task-management-system] [http-nio-8080-exec-10] o.s.web.servlet.DispatcherServlet        : Completed 200 OK
2025-12-24T00:09:27.559+05:30 DEBUG 10368 --- [task-management-system] [http-nio-8080-exec-7] o.s.web.servlet.DispatcherServlet        : GET "/api/tasks/my-tasks", parameters={}
2025-12-24T00:09:27.559+05:30 DEBUG 10368 --- [task-management-system] [http-nio-8080-exec-7] s.w.s.m.m.a.RequestMappingHandlerMapping : Mapped to com.project.task_manager.controller.TaskController#getMyTasks()
2025-12-24T00:09:27.580+05:30 DEBUG 10368 --- [task-management-system] [http-nio-8080-exec-7] o.s.w.s.m.m.a.HttpEntityMethodProcessor  : Using 'application/json', given [application/json, text/plain, */*] and supported [application/json, application/*+json]
2025-12-24T00:09:27.581+05:30 DEBUG 10368 --- [task-management-system] [http-nio-8080-exec-7] o.s.w.s.m.m.a.HttpEntityMethodProcessor  : Writing [[com.project.task_manager.dto.response.TaskResponse@190c7109]]
2025-12-24T00:09:27.585+05:30 DEBUG 10368 --- [task-management-system] [http-nio-8080-exec-7] o.s.web.servlet.DispatcherServlet        : Completed 200 OK
2025-12-24T00:12:25.397+05:30 DEBUG 10368 --- [task-management-system] [http-nio-8080-exec-6] o.s.web.servlet.DispatcherServlet        : GET "/api/projects/my-projects", parameters={}
2025-12-24T00:12:25.398+05:30 DEBUG 10368 --- [task-management-system] [http-nio-8080-exec-6] s.w.s.m.m.a.RequestMappingHandlerMapping : Mapped to com.project.task_manager.controller.ProjectController#getMyProjects()
2025-12-24T00:12:25.414+05:30 DEBUG 10368 --- [task-management-system] [http-nio-8080-exec-6] o.s.w.s.m.m.a.HttpEntityMethodProcessor  : Using 'application/json', given [application/json, text/plain, */*] and supported [application/json, application/*+json]
2025-12-24T00:12:25.414+05:30 DEBUG 10368 --- [task-management-system] [http-nio-8080-exec-6] o.s.w.s.m.m.a.HttpEntityMethodProcessor  : Writing [[com.project.task_manager.dto.response.ProjectResponse@358a1424, com.project.task_manager.dto.respon (truncated)...]
2025-12-24T00:12:25.417+05:30 DEBUG 10368 --- [task-management-system] [http-nio-8080-exec-6] o.s.web.servlet.DispatcherServlet        : Completed 200 OK
2025-12-24T00:12:26.474+05:30 DEBUG 10368 --- [task-management-system] [http-nio-8080-exec-9] o.s.web.servlet.DispatcherServlet        : GET "/api/tasks/my-tasks", parameters={}
2025-12-24T00:12:26.474+05:30 DEBUG 10368 --- [task-management-system] [http-nio-8080-exec-9] s.w.s.m.m.a.RequestMappingHandlerMapping : Mapped to com.project.task_manager.controller.TaskController#getMyTasks()
2025-12-24T00:12:26.492+05:30 DEBUG 10368 --- [task-management-system] [http-nio-8080-exec-9] o.s.w.s.m.m.a.HttpEntityMethodProcessor  : Using 'application/json', given [application/json, text/plain, */*] and supported [application/json, application/*+json]
2025-12-24T00:12:26.492+05:30 DEBUG 10368 --- [task-management-system] [http-nio-8080-exec-9] o.s.w.s.m.m.a.HttpEntityMethodProcessor  : Writing [[com.project.task_manager.dto.response.TaskResponse@159fce93]]
2025-12-24T00:12:26.494+05:30 DEBUG 10368 --- [task-management-system] [http-nio-8080-exec-9] o.s.web.servlet.DispatcherServlet        : Completed 200 OK
2025-12-24T00:12:53.212+05:30 DEBUG 10368 --- [task-management-system] [http-nio-8080-exec-4] o.s.web.servlet.DispatcherServlet        : GET "/api/tasks/my-tasks", parameters={}
2025-12-24T00:12:53.214+05:30 DEBUG 10368 --- [task-management-system] [http-nio-8080-exec-4] s.w.s.m.m.a.RequestMappingHandlerMapping : Mapped to com.project.task_manager.controller.TaskController#getMyTasks()
2025-12-24T00:12:53.241+05:30 DEBUG 10368 --- [task-management-system] [http-nio-8080-exec-4] o.s.w.s.m.m.a.HttpEntityMethodProcessor  : Using 'application/json', given [application/json, text/plain, */*] and supported [application/json, application/*+json]
2025-12-24T00:12:53.242+05:30 DEBUG 10368 --- [task-management-system] [http-nio-8080-exec-4] o.s.w.s.m.m.a.HttpEntityMethodProcessor  : Writing [[com.project.task_manager.dto.response.TaskResponse@4906a9b9]]
2025-12-24T00:12:53.244+05:30 DEBUG 10368 --- [task-management-system] [http-nio-8080-exec-4] o.s.web.servlet.DispatcherServlet        : Completed 200 OK
2025-12-24T00:12:53.261+05:30 DEBUG 10368 --- [task-management-system] [http-nio-8080-exec-3] o.s.web.servlet.DispatcherServlet        : GET "/api/tasks/my-tasks", parameters={}
2025-12-24T00:12:53.262+05:30 DEBUG 10368 --- [task-management-system] [http-nio-8080-exec-3] s.w.s.m.m.a.RequestMappingHandlerMapping : Mapped to com.project.task_manager.controller.TaskController#getMyTasks()
2025-12-24T00:12:53.304+05:30 DEBUG 10368 --- [task-management-system] [http-nio-8080-exec-3] o.s.w.s.m.m.a.HttpEntityMethodProcessor  : Using 'application/json', given [application/json, text/plain, */*] and supported [application/json, application/*+json]
2025-12-24T00:12:53.305+05:30 DEBUG 10368 --- [task-management-system] [http-nio-8080-exec-3] o.s.w.s.m.m.a.HttpEntityMethodProcessor  : Writing [[com.project.task_manager.dto.response.TaskResponse@1938d032]]
2025-12-24T00:12:53.306+05:30 DEBUG 10368 --- [task-management-system] [http-nio-8080-exec-3] o.s.web.servlet.DispatcherServlet        : Completed 200 OK
2025-12-24T00:12:54.876+05:30 DEBUG 10368 --- [task-management-system] [http-nio-8080-exec-7] o.s.web.servlet.DispatcherServlet        : GET "/api/tasks/my-tasks", parameters={}
2025-12-24T00:12:54.877+05:30 DEBUG 10368 --- [task-management-system] [http-nio-8080-exec-7] s.w.s.m.m.a.RequestMappingHandlerMapping : Mapped to com.project.task_manager.controller.TaskController#getMyTasks()
2025-12-24T00:12:54.893+05:30 DEBUG 10368 --- [task-management-system] [http-nio-8080-exec-7] o.s.w.s.m.m.a.HttpEntityMethodProcessor  : Using 'application/json', given [application/json, text/plain, */*] and supported [application/json, application/*+json]
2025-12-24T00:12:54.893+05:30 DEBUG 10368 --- [task-management-system] [http-nio-8080-exec-7] o.s.w.s.m.m.a.HttpEntityMethodProcessor  : Writing [[com.project.task_manager.dto.response.TaskResponse@7122c46e]]
2025-12-24T00:12:54.894+05:30 DEBUG 10368 --- [task-management-system] [http-nio-8080-exec-7] o.s.web.servlet.DispatcherServlet        : Completed 200 OK
2025-12-24T00:13:06.444+05:30 DEBUG 10368 --- [task-management-system] [http-nio-8080-exec-1] o.s.web.servlet.DispatcherServlet        : GET "/api/projects/my-projects", parameters={}
2025-12-24T00:13:06.444+05:30 DEBUG 10368 --- [task-management-system] [http-nio-8080-exec-1] s.w.s.m.m.a.RequestMappingHandlerMapping : Mapped to com.project.task_manager.controller.ProjectController#getMyProjects()
2025-12-24T00:13:06.462+05:30 DEBUG 10368 --- [task-management-system] [http-nio-8080-exec-1] o.s.w.s.m.m.a.HttpEntityMethodProcessor  : Using 'application/json', given [application/json, text/plain, */*] and supported [application/json, application/*+json]
2025-12-24T00:13:06.463+05:30 DEBUG 10368 --- [task-management-system] [http-nio-8080-exec-1] o.s.w.s.m.m.a.HttpEntityMethodProcessor  : Writing [[com.project.task_manager.dto.response.ProjectResponse@5e4295b, com.project.task_manager.dto.respons (truncated)...]
2025-12-24T00:13:06.465+05:30 DEBUG 10368 --- [task-management-system] [http-nio-8080-exec-1] o.s.web.servlet.DispatcherServlet        : Completed 200 OK
2025-12-24T00:13:07.659+05:30 DEBUG 10368 --- [task-management-system] [http-nio-8080-exec-8] o.s.web.servlet.DispatcherServlet        : GET "/api/tasks/my-tasks", parameters={}
2025-12-24T00:13:07.660+05:30 DEBUG 10368 --- [task-management-system] [http-nio-8080-exec-8] s.w.s.m.m.a.RequestMappingHandlerMapping : Mapped to com.project.task_manager.controller.TaskController#getMyTasks()
2025-12-24T00:13:07.683+05:30 DEBUG 10368 --- [task-management-system] [http-nio-8080-exec-8] o.s.w.s.m.m.a.HttpEntityMethodProcessor  : Using 'application/json', given [application/json, text/plain, */*] and supported [application/json, application/*+json]
2025-12-24T00:13:07.684+05:30 DEBUG 10368 --- [task-management-system] [http-nio-8080-exec-8] o.s.w.s.m.m.a.HttpEntityMethodProcessor  : Writing [[com.project.task_manager.dto.response.TaskResponse@3ba47b34]]
2025-12-24T00:13:07.686+05:30 DEBUG 10368 --- [task-management-system] [http-nio-8080-exec-8] o.s.web.servlet.DispatcherServlet        : Completed 200 OK
2025-12-24T00:13:09.549+05:30 DEBUG 10368 --- [task-management-system] [http-nio-8080-exec-9] o.s.web.servlet.DispatcherServlet        : GET "/api/tasks/my-tasks", parameters={}
2025-12-24T00:13:09.550+05:30 DEBUG 10368 --- [task-management-system] [http-nio-8080-exec-9] s.w.s.m.m.a.RequestMappingHandlerMapping : Mapped to com.project.task_manager.controller.TaskController#getMyTasks()
2025-12-24T00:13:09.576+05:30 DEBUG 10368 --- [task-management-system] [http-nio-8080-exec-9] o.s.w.s.m.m.a.HttpEntityMethodProcessor  : Using 'application/json', given [application/json, text/plain, */*] and supported [application/json, application/*+json]
2025-12-24T00:13:09.577+05:30 DEBUG 10368 --- [task-management-system] [http-nio-8080-exec-9] o.s.w.s.m.m.a.HttpEntityMethodProcessor  : Writing [[com.project.task_manager.dto.response.TaskResponse@44e814d8]]
2025-12-24T00:13:09.578+05:30 DEBUG 10368 --- [task-management-system] [http-nio-8080-exec-9] o.s.web.servlet.DispatcherServlet        : Completed 200 OK
2025-12-24T00:13:14.309+05:30 DEBUG 10368 --- [task-management-system] [http-nio-8080-exec-4] o.s.web.servlet.DispatcherServlet        : GET "/api/tasks/my-tasks", parameters={}
2025-12-24T00:13:14.311+05:30 DEBUG 10368 --- [task-management-system] [http-nio-8080-exec-4] s.w.s.m.m.a.RequestMappingHandlerMapping : Mapped to com.project.task_manager.controller.TaskController#getMyTasks()
2025-12-24T00:13:14.331+05:30 DEBUG 10368 --- [task-management-system] [http-nio-8080-exec-4] o.s.w.s.m.m.a.HttpEntityMethodProcessor  : Using 'application/json', given [application/json, text/plain, */*] and supported [application/json, application/*+json]
2025-12-24T00:13:14.331+05:30 DEBUG 10368 --- [task-management-system] [http-nio-8080-exec-4] o.s.w.s.m.m.a.HttpEntityMethodProcessor  : Writing [[com.project.task_manager.dto.response.TaskResponse@2a70a7bc]]
2025-12-24T00:13:14.336+05:30 DEBUG 10368 --- [task-management-system] [http-nio-8080-exec-4] o.s.web.servlet.DispatcherServlet        : Completed 200 OK
2025-12-24T00:13:31.844+05:30 DEBUG 10368 --- [task-management-system] [http-nio-8080-exec-2] o.s.web.servlet.DispatcherServlet        : GET "/api/projects/my-projects", parameters={}
2025-12-24T00:13:31.845+05:30 DEBUG 10368 --- [task-management-system] [http-nio-8080-exec-2] s.w.s.m.m.a.RequestMappingHandlerMapping : Mapped to com.project.task_manager.controller.ProjectController#getMyProjects()
2025-12-24T00:13:31.861+05:30 DEBUG 10368 --- [task-management-system] [http-nio-8080-exec-2] o.s.w.s.m.m.a.HttpEntityMethodProcessor  : Using 'application/json', given [application/json, text/plain, */*] and supported [application/json, application/*+json]
2025-12-24T00:13:31.861+05:30 DEBUG 10368 --- [task-management-system] [http-nio-8080-exec-2] o.s.w.s.m.m.a.HttpEntityMethodProcessor  : Writing [[com.project.task_manager.dto.response.ProjectResponse@5cbaa826, com.project.task_manager.dto.respon (truncated)...]
2025-12-24T00:13:31.862+05:30 DEBUG 10368 --- [task-management-system] [http-nio-8080-exec-2] o.s.web.servlet.DispatcherServlet        : Completed 200 OK
2025-12-24T00:13:33.457+05:30 DEBUG 10368 --- [task-management-system] [http-nio-8080-exec-5] o.s.web.servlet.DispatcherServlet        : GET "/api/tasks/my-tasks", parameters={}
2025-12-24T00:13:33.457+05:30 DEBUG 10368 --- [task-management-system] [http-nio-8080-exec-5] s.w.s.m.m.a.RequestMappingHandlerMapping : Mapped to com.project.task_manager.controller.TaskController#getMyTasks()
2025-12-24T00:13:33.473+05:30 DEBUG 10368 --- [task-management-system] [http-nio-8080-exec-5] o.s.w.s.m.m.a.HttpEntityMethodProcessor  : Using 'application/json', given [application/json, text/plain, */*] and supported [application/json, application/*+json]
2025-12-24T00:13:33.473+05:30 DEBUG 10368 --- [task-management-system] [http-nio-8080-exec-5] o.s.w.s.m.m.a.HttpEntityMethodProcessor  : Writing [[com.project.task_manager.dto.response.TaskResponse@74b5cbc9]]
2025-12-24T00:13:33.475+05:30 DEBUG 10368 --- [task-management-system] [http-nio-8080-exec-5] o.s.web.servlet.DispatcherServlet        : Completed 200 OK
2025-12-24T00:13:39.109+05:30 DEBUG 10368 --- [task-management-system] [http-nio-8080-exec-6] o.s.web.servlet.DispatcherServlet        : GET "/api/projects/my-projects", parameters={}
2025-12-24T00:13:39.109+05:30 DEBUG 10368 --- [task-management-system] [http-nio-8080-exec-6] s.w.s.m.m.a.RequestMappingHandlerMapping : Mapped to com.project.task_manager.controller.ProjectController#getMyProjects()
2025-12-24T00:13:39.127+05:30 DEBUG 10368 --- [task-management-system] [http-nio-8080-exec-6] o.s.w.s.m.m.a.HttpEntityMethodProcessor  : Using 'application/json', given [application/json, text/plain, */*] and supported [application/json, application/*+json]
2025-12-24T00:13:39.127+05:30 DEBUG 10368 --- [task-management-system] [http-nio-8080-exec-6] o.s.w.s.m.m.a.HttpEntityMethodProcessor  : Writing [[com.project.task_manager.dto.response.ProjectResponse@79febb84, com.project.task_manager.dto.respon (truncated)...]
2025-12-24T00:13:39.129+05:30 DEBUG 10368 --- [task-management-system] [http-nio-8080-exec-6] o.s.web.servlet.DispatcherServlet        : Completed 200 OK
2025-12-24T00:14:31.918+05:30 DEBUG 10368 --- [task-management-system] [http-nio-8080-exec-10] o.s.web.servlet.DispatcherServlet        : GET "/api/tasks/my-tasks", parameters={}
2025-12-24T00:14:31.919+05:30 DEBUG 10368 --- [task-management-system] [http-nio-8080-exec-10] s.w.s.m.m.a.RequestMappingHandlerMapping : Mapped to com.project.task_manager.controller.TaskController#getMyTasks()
2025-12-24T00:14:31.939+05:30 DEBUG 10368 --- [task-management-system] [http-nio-8080-exec-10] o.s.w.s.m.m.a.HttpEntityMethodProcessor  : Using 'application/json', given [application/json, text/plain, */*] and supported [application/json, application/*+json]
2025-12-24T00:14:31.939+05:30 DEBUG 10368 --- [task-management-system] [http-nio-8080-exec-10] o.s.w.s.m.m.a.HttpEntityMethodProcessor  : Writing [[com.project.task_manager.dto.response.TaskResponse@780f94e6]]
2025-12-24T00:14:31.941+05:30 DEBUG 10368 --- [task-management-system] [http-nio-8080-exec-10] o.s.web.servlet.DispatcherServlet        : Completed 200 OK
2025-12-24T00:17:32.160+05:30 DEBUG 10368 --- [task-management-system] [http-nio-8080-exec-2] o.s.web.servlet.DispatcherServlet        : GET "/api/projects/my-projects", parameters={}
2025-12-24T00:17:32.160+05:30 DEBUG 10368 --- [task-management-system] [http-nio-8080-exec-2] s.w.s.m.m.a.RequestMappingHandlerMapping : Mapped to com.project.task_manager.controller.ProjectController#getMyProjects()
2025-12-24T00:17:32.176+05:30 DEBUG 10368 --- [task-management-system] [http-nio-8080-exec-2] o.s.w.s.m.m.a.HttpEntityMethodProcessor  : Using 'application/json', given [application/json, text/plain, */*] and supported [application/json, application/*+json]
2025-12-24T00:17:32.177+05:30 DEBUG 10368 --- [task-management-system] [http-nio-8080-exec-2] o.s.w.s.m.m.a.HttpEntityMethodProcessor  : Writing [[com.project.task_manager.dto.response.ProjectResponse@7ea305d7, com.project.task_manager.dto.respon (truncated)...]
2025-12-24T00:17:32.178+05:30 DEBUG 10368 --- [task-management-system] [http-nio-8080-exec-2] o.s.web.servlet.DispatcherServlet        : Completed 200 OK
2025-12-24T00:17:33.740+05:30 DEBUG 10368 --- [task-management-system] [http-nio-8080-exec-5] o.s.web.servlet.DispatcherServlet        : GET "/api/tasks/my-tasks", parameters={}
2025-12-24T00:17:33.741+05:30 DEBUG 10368 --- [task-management-system] [http-nio-8080-exec-5] s.w.s.m.m.a.RequestMappingHandlerMapping : Mapped to com.project.task_manager.controller.TaskController#getMyTasks()
2025-12-24T00:17:33.757+05:30 DEBUG 10368 --- [task-management-system] [http-nio-8080-exec-5] o.s.w.s.m.m.a.HttpEntityMethodProcessor  : Using 'application/json', given [application/json, text/plain, */*] and supported [application/json, application/*+json]
2025-12-24T00:17:33.757+05:30 DEBUG 10368 --- [task-management-system] [http-nio-8080-exec-5] o.s.w.s.m.m.a.HttpEntityMethodProcessor  : Writing [[com.project.task_manager.dto.response.TaskResponse@7ed3529f]]
2025-12-24T00:17:33.763+05:30 DEBUG 10368 --- [task-management-system] [http-nio-8080-exec-5] o.s.web.servlet.DispatcherServlet        : Completed 200 OK
2025-12-24T00:18:34.879+05:30 DEBUG 10368 --- [task-management-system] [http-nio-8080-exec-8] o.s.web.servlet.DispatcherServlet        : GET "/api/tasks/my-tasks", parameters={}
2025-12-24T00:18:34.880+05:30 DEBUG 10368 --- [task-management-system] [http-nio-8080-exec-8] s.w.s.m.m.a.RequestMappingHandlerMapping : Mapped to com.project.task_manager.controller.TaskController#getMyTasks()
2025-12-24T00:18:34.951+05:30 DEBUG 10368 --- [task-management-system] [http-nio-8080-exec-8] o.s.w.s.m.m.a.HttpEntityMethodProcessor  : Using 'application/json', given [application/json, text/plain, */*] and supported [application/json, application/*+json]
2025-12-24T00:18:34.952+05:30 DEBUG 10368 --- [task-management-system] [http-nio-8080-exec-8] o.s.w.s.m.m.a.HttpEntityMethodProcessor  : Writing [[com.project.task_manager.dto.response.TaskResponse@1ffe21e7]]
2025-12-24T00:18:34.955+05:30 DEBUG 10368 --- [task-management-system] [http-nio-8080-exec-8] o.s.web.servlet.DispatcherServlet        : Completed 200 OK
2025-12-24T00:21:09.223+05:30 DEBUG 10368 --- [task-management-system] [http-nio-8080-exec-4] o.s.web.servlet.DispatcherServlet        : GET "/api/projects/my-projects", parameters={}
2025-12-24T00:21:09.224+05:30 DEBUG 10368 --- [task-management-system] [http-nio-8080-exec-4] s.w.s.m.m.a.RequestMappingHandlerMapping : Mapped to com.project.task_manager.controller.ProjectController#getMyProjects()
2025-12-24T00:21:09.239+05:30 DEBUG 10368 --- [task-management-system] [http-nio-8080-exec-4] o.s.w.s.m.m.a.HttpEntityMethodProcessor  : Using 'application/json', given [application/json, text/plain, */*] and supported [application/json, application/*+json]
2025-12-24T00:21:09.240+05:30 DEBUG 10368 --- [task-management-system] [http-nio-8080-exec-4] o.s.w.s.m.m.a.HttpEntityMethodProcessor  : Writing [[com.project.task_manager.dto.response.ProjectResponse@5a00c405, com.project.task_manager.dto.respon (truncated)...]
2025-12-24T00:21:09.242+05:30 DEBUG 10368 --- [task-management-system] [http-nio-8080-exec-4] o.s.web.servlet.DispatcherServlet        : Completed 200 OK
2025-12-24T00:21:23.216+05:30 DEBUG 10368 --- [task-management-system] [http-nio-8080-exec-2] o.s.web.servlet.DispatcherServlet        : GET "/api/tasks/my-tasks", parameters={}
2025-12-24T00:21:23.216+05:30 DEBUG 10368 --- [task-management-system] [http-nio-8080-exec-2] s.w.s.m.m.a.RequestMappingHandlerMapping : Mapped to com.project.task_manager.controller.TaskController#getMyTasks()
2025-12-24T00:21:23.237+05:30 DEBUG 10368 --- [task-management-system] [http-nio-8080-exec-2] o.s.w.s.m.m.a.HttpEntityMethodProcessor  : Using 'application/json', given [application/json, text/plain, */*] and supported [application/json, application/*+json]
2025-12-24T00:21:23.237+05:30 DEBUG 10368 --- [task-management-system] [http-nio-8080-exec-2] o.s.w.s.m.m.a.HttpEntityMethodProcessor  : Writing [[com.project.task_manager.dto.response.TaskResponse@11ec9f10]]
2025-12-24T00:21:23.239+05:30 DEBUG 10368 --- [task-management-system] [http-nio-8080-exec-2] o.s.web.servlet.DispatcherServlet        : Completed 200 OK
2025-12-24T00:21:46.132+05:30 DEBUG 10368 --- [task-management-system] [http-nio-8080-exec-5] o.s.web.servlet.DispatcherServlet        : GET "/api/tasks/my-tasks", parameters={}
2025-12-24T00:21:46.133+05:30 DEBUG 10368 --- [task-management-system] [http-nio-8080-exec-5] s.w.s.m.m.a.RequestMappingHandlerMapping : Mapped to com.project.task_manager.controller.TaskController#getMyTasks()
2025-12-24T00:21:46.162+05:30 DEBUG 10368 --- [task-management-system] [http-nio-8080-exec-5] o.s.w.s.m.m.a.HttpEntityMethodProcessor  : Using 'application/json', given [application/json, text/plain, */*] and supported [application/json, application/*+json]
2025-12-24T00:21:46.162+05:30 DEBUG 10368 --- [task-management-system] [http-nio-8080-exec-5] o.s.w.s.m.m.a.HttpEntityMethodProcessor  : Writing [[com.project.task_manager.dto.response.TaskResponse@2b6edad0]]
2025-12-24T00:21:46.164+05:30 DEBUG 10368 --- [task-management-system] [http-nio-8080-exec-5] o.s.web.servlet.DispatcherServlet        : Completed 200 OK
2025-12-24T00:22:56.887+05:30 DEBUG 10368 --- [task-management-system] [http-nio-8080-exec-8] o.s.web.servlet.DispatcherServlet        : GET "/api/projects/my-projects", parameters={}
2025-12-24T00:22:56.888+05:30 DEBUG 10368 --- [task-management-system] [http-nio-8080-exec-8] s.w.s.m.m.a.RequestMappingHandlerMapping : Mapped to com.project.task_manager.controller.ProjectController#getMyProjects()
2025-12-24T00:22:56.912+05:30 DEBUG 10368 --- [task-management-system] [http-nio-8080-exec-8] o.s.w.s.m.m.a.HttpEntityMethodProcessor  : Using 'application/json', given [application/json, text/plain, */*] and supported [application/json, application/*+json]
2025-12-24T00:22:56.912+05:30 DEBUG 10368 --- [task-management-system] [http-nio-8080-exec-8] o.s.w.s.m.m.a.HttpEntityMethodProcessor  : Writing [[com.project.task_manager.dto.response.ProjectResponse@9931b1, com.project.task_manager.dto.response (truncated)...]
2025-12-24T00:22:56.914+05:30 DEBUG 10368 --- [task-management-system] [http-nio-8080-exec-8] o.s.web.servlet.DispatcherServlet        : Completed 200 OK
2025-12-24T00:23:04.567+05:30 DEBUG 10368 --- [task-management-system] [http-nio-8080-exec-10] o.s.web.servlet.DispatcherServlet        : GET "/api/tasks/my-tasks", parameters={}
2025-12-24T00:23:04.568+05:30 DEBUG 10368 --- [task-management-system] [http-nio-8080-exec-10] s.w.s.m.m.a.RequestMappingHandlerMapping : Mapped to com.project.task_manager.controller.TaskController#getMyTasks()
2025-12-24T00:23:04.585+05:30 DEBUG 10368 --- [task-management-system] [http-nio-8080-exec-10] o.s.w.s.m.m.a.HttpEntityMethodProcessor  : Using 'application/json', given [application/json, text/plain, */*] and supported [application/json, application/*+json]
2025-12-24T00:23:04.586+05:30 DEBUG 10368 --- [task-management-system] [http-nio-8080-exec-10] o.s.w.s.m.m.a.HttpEntityMethodProcessor  : Writing [[com.project.task_manager.dto.response.TaskResponse@65c8cd8d]]
2025-12-24T00:23:04.591+05:30 DEBUG 10368 --- [task-management-system] [http-nio-8080-exec-10] o.s.web.servlet.DispatcherServlet        : Completed 200 OK
2025-12-24T00:23:21.685+05:30 DEBUG 10368 --- [task-management-system] [http-nio-8080-exec-3] o.s.web.servlet.DispatcherServlet        : GET "/api/projects/my-projects", parameters={}
2025-12-24T00:23:21.685+05:30 DEBUG 10368 --- [task-management-system] [http-nio-8080-exec-3] s.w.s.m.m.a.RequestMappingHandlerMapping : Mapped to com.project.task_manager.controller.ProjectController#getMyProjects()
2025-12-24T00:23:21.711+05:30 DEBUG 10368 --- [task-management-system] [http-nio-8080-exec-3] o.s.w.s.m.m.a.HttpEntityMethodProcessor  : Using 'application/json', given [application/json, text/plain, */*] and supported [application/json, application/*+json]
2025-12-24T00:23:21.711+05:30 DEBUG 10368 --- [task-management-system] [http-nio-8080-exec-3] o.s.w.s.m.m.a.HttpEntityMethodProcessor  : Writing [[com.project.task_manager.dto.response.ProjectResponse@44165741, com.project.task_manager.dto.respon (truncated)...]
2025-12-24T00:23:21.713+05:30 DEBUG 10368 --- [task-management-system] [http-nio-8080-exec-3] o.s.web.servlet.DispatcherServlet        : Completed 200 OK
2025-12-24T00:23:26.783+05:30 DEBUG 10368 --- [task-management-system] [http-nio-8080-exec-7] o.s.web.servlet.DispatcherServlet        : GET "/api/tasks/my-tasks", parameters={}
2025-12-24T00:23:26.784+05:30 DEBUG 10368 --- [task-management-system] [http-nio-8080-exec-7] s.w.s.m.m.a.RequestMappingHandlerMapping : Mapped to com.project.task_manager.controller.TaskController#getMyTasks()
2025-12-24T00:23:26.813+05:30 DEBUG 10368 --- [task-management-system] [http-nio-8080-exec-7] o.s.w.s.m.m.a.HttpEntityMethodProcessor  : Using 'application/json', given [application/json, text/plain, */*] and supported [application/json, application/*+json]
2025-12-24T00:23:26.814+05:30 DEBUG 10368 --- [task-management-system] [http-nio-8080-exec-7] o.s.w.s.m.m.a.HttpEntityMethodProcessor  : Writing [[com.project.task_manager.dto.response.TaskResponse@7b05e3ef]]
2025-12-24T00:23:26.815+05:30 DEBUG 10368 --- [task-management-system] [http-nio-8080-exec-7] o.s.web.servlet.DispatcherServlet        : Completed 200 OK
2025-12-24T00:23:40.419+05:30 DEBUG 10368 --- [task-management-system] [http-nio-8080-exec-1] o.s.web.servlet.DispatcherServlet        : GET "/api/tasks/my-tasks", parameters={}
2025-12-24T00:23:40.424+05:30 DEBUG 10368 --- [task-management-system] [http-nio-8080-exec-1] s.w.s.m.m.a.RequestMappingHandlerMapping : Mapped to com.project.task_manager.controller.TaskController#getMyTasks()
2025-12-24T00:23:40.486+05:30 DEBUG 10368 --- [task-management-system] [http-nio-8080-exec-1] o.s.w.s.m.m.a.HttpEntityMethodProcessor  : Using 'application/json', given [application/json, text/plain, */*] and supported [application/json, application/*+json]
2025-12-24T00:23:40.487+05:30 DEBUG 10368 --- [task-management-system] [http-nio-8080-exec-1] o.s.w.s.m.m.a.HttpEntityMethodProcessor  : Writing [[com.project.task_manager.dto.response.TaskResponse@397c7334]]
2025-12-24T00:23:40.491+05:30 DEBUG 10368 --- [task-management-system] [http-nio-8080-exec-1] o.s.web.servlet.DispatcherServlet        : Completed 200 OK
2025-12-24T00:23:41.007+05:30 DEBUG 10368 --- [task-management-system] [http-nio-8080-exec-8] o.s.web.servlet.DispatcherServlet        : GET "/api/projects/my-projects", parameters={}
2025-12-24T00:23:41.007+05:30 DEBUG 10368 --- [task-management-system] [http-nio-8080-exec-8] s.w.s.m.m.a.RequestMappingHandlerMapping : Mapped to com.project.task_manager.controller.ProjectController#getMyProjects()
2025-12-24T00:23:41.027+05:30 DEBUG 10368 --- [task-management-system] [http-nio-8080-exec-8] o.s.w.s.m.m.a.HttpEntityMethodProcessor  : Using 'application/json', given [application/json, text/plain, */*] and supported [application/json, application/*+json]
2025-12-24T00:23:41.028+05:30 DEBUG 10368 --- [task-management-system] [http-nio-8080-exec-8] o.s.w.s.m.m.a.HttpEntityMethodProcessor  : Writing [[com.project.task_manager.dto.response.ProjectResponse@719d2994, com.project.task_manager.dto.respon (truncated)...]
2025-12-24T00:23:41.029+05:30 DEBUG 10368 --- [task-management-system] [http-nio-8080-exec-8] o.s.web.servlet.DispatcherServlet        : Completed 200 OK
2025-12-24T00:23:41.573+05:30 DEBUG 10368 --- [task-management-system] [http-nio-8080-exec-9] o.s.web.servlet.DispatcherServlet        : GET "/api/tasks/my-tasks", parameters={}
2025-12-24T00:23:41.574+05:30 DEBUG 10368 --- [task-management-system] [http-nio-8080-exec-9] s.w.s.m.m.a.RequestMappingHandlerMapping : Mapped to com.project.task_manager.controller.TaskController#getMyTasks()
2025-12-24T00:23:41.596+05:30 DEBUG 10368 --- [task-management-system] [http-nio-8080-exec-9] o.s.w.s.m.m.a.HttpEntityMethodProcessor  : Using 'application/json', given [application/json, text/plain, */*] and supported [application/json, application/*+json]
2025-12-24T00:23:41.596+05:30 DEBUG 10368 --- [task-management-system] [http-nio-8080-exec-9] o.s.w.s.m.m.a.HttpEntityMethodProcessor  : Writing [[com.project.task_manager.dto.response.TaskResponse@2c9a2a9f]]
2025-12-24T00:23:41.597+05:30 DEBUG 10368 --- [task-management-system] [http-nio-8080-exec-9] o.s.web.servlet.DispatcherServlet        : Completed 200 OK
2025-12-24T00:23:47.217+05:30 DEBUG 10368 --- [task-management-system] [http-nio-8080-exec-4] o.s.web.servlet.DispatcherServlet        : GET "/api/projects/my-projects", parameters={}
2025-12-24T00:23:47.222+05:30 DEBUG 10368 --- [task-management-system] [http-nio-8080-exec-4] s.w.s.m.m.a.RequestMappingHandlerMapping : Mapped to com.project.task_manager.controller.ProjectController#getMyProjects()
2025-12-24T00:23:47.237+05:30 DEBUG 10368 --- [task-management-system] [http-nio-8080-exec-4] o.s.w.s.m.m.a.HttpEntityMethodProcessor  : Using 'application/json', given [application/json, text/plain, */*] and supported [application/json, application/*+json]
2025-12-24T00:23:47.240+05:30 DEBUG 10368 --- [task-management-system] [http-nio-8080-exec-4] o.s.w.s.m.m.a.HttpEntityMethodProcessor  : Writing [[com.project.task_manager.dto.response.ProjectResponse@79bd2bf, com.project.task_manager.dto.respons (truncated)...]
2025-12-24T00:23:47.242+05:30 DEBUG 10368 --- [task-management-system] [http-nio-8080-exec-4] o.s.web.servlet.DispatcherServlet        : Completed 200 OK
2025-12-24T00:23:48.181+05:30 DEBUG 10368 --- [task-management-system] [http-nio-8080-exec-2] o.s.web.servlet.DispatcherServlet        : GET "/api/tasks/my-tasks", parameters={}
2025-12-24T00:23:48.181+05:30 DEBUG 10368 --- [task-management-system] [http-nio-8080-exec-2] s.w.s.m.m.a.RequestMappingHandlerMapping : Mapped to com.project.task_manager.controller.TaskController#getMyTasks()
2025-12-24T00:23:48.199+05:30 DEBUG 10368 --- [task-management-system] [http-nio-8080-exec-2] o.s.w.s.m.m.a.HttpEntityMethodProcessor  : Using 'application/json', given [application/json, text/plain, */*] and supported [application/json, application/*+json]
2025-12-24T00:23:48.199+05:30 DEBUG 10368 --- [task-management-system] [http-nio-8080-exec-2] o.s.w.s.m.m.a.HttpEntityMethodProcessor  : Writing [[com.project.task_manager.dto.response.TaskResponse@41eac3a5]]
2025-12-24T00:23:48.200+05:30 DEBUG 10368 --- [task-management-system] [http-nio-8080-exec-2] o.s.web.servlet.DispatcherServlet        : Completed 200 OK
2025-12-24T00:23:51.105+05:30 DEBUG 10368 --- [task-management-system] [http-nio-8080-exec-7] o.s.web.servlet.DispatcherServlet        : GET "/api/tasks/my-tasks", parameters={}
2025-12-24T00:23:51.106+05:30 DEBUG 10368 --- [task-management-system] [http-nio-8080-exec-7] s.w.s.m.m.a.RequestMappingHandlerMapping : Mapped to com.project.task_manager.controller.TaskController#getMyTasks()
2025-12-24T00:23:51.125+05:30 DEBUG 10368 --- [task-management-system] [http-nio-8080-exec-7] o.s.w.s.m.m.a.HttpEntityMethodProcessor  : Using 'application/json', given [application/json, text/plain, */*] and supported [application/json, application/*+json]
2025-12-24T00:23:51.125+05:30 DEBUG 10368 --- [task-management-system] [http-nio-8080-exec-7] o.s.w.s.m.m.a.HttpEntityMethodProcessor  : Writing [[com.project.task_manager.dto.response.TaskResponse@32a16bc1]]
2025-12-24T00:23:51.126+05:30 DEBUG 10368 --- [task-management-system] [http-nio-8080-exec-7] o.s.web.servlet.DispatcherServlet        : Completed 200 OK
2025-12-24T00:23:52.400+05:30 DEBUG 10368 --- [task-management-system] [http-nio-8080-exec-1] o.s.web.servlet.DispatcherServlet        : GET "/api/projects/my-projects", parameters={}
2025-12-24T00:23:52.400+05:30 DEBUG 10368 --- [task-management-system] [http-nio-8080-exec-1] s.w.s.m.m.a.RequestMappingHandlerMapping : Mapped to com.project.task_manager.controller.ProjectController#getMyProjects()
2025-12-24T00:23:52.417+05:30 DEBUG 10368 --- [task-management-system] [http-nio-8080-exec-1] o.s.w.s.m.m.a.HttpEntityMethodProcessor  : Using 'application/json', given [application/json, text/plain, */*] and supported [application/json, application/*+json]
2025-12-24T00:23:52.417+05:30 DEBUG 10368 --- [task-management-system] [http-nio-8080-exec-1] o.s.w.s.m.m.a.HttpEntityMethodProcessor  : Writing [[com.project.task_manager.dto.response.ProjectResponse@7c520488, com.project.task_manager.dto.respon (truncated)...]
2025-12-24T00:23:52.419+05:30 DEBUG 10368 --- [task-management-system] [http-nio-8080-exec-1] o.s.web.servlet.DispatcherServlet        : Completed 200 OK
2025-12-24T00:23:53.211+05:30 DEBUG 10368 --- [task-management-system] [http-nio-8080-exec-8] o.s.web.servlet.DispatcherServlet        : GET "/api/tasks/my-tasks", parameters={}
2025-12-24T00:23:53.211+05:30 DEBUG 10368 --- [task-management-system] [http-nio-8080-exec-8] s.w.s.m.m.a.RequestMappingHandlerMapping : Mapped to com.project.task_manager.controller.TaskController#getMyTasks()
2025-12-24T00:23:53.231+05:30 DEBUG 10368 --- [task-management-system] [http-nio-8080-exec-8] o.s.w.s.m.m.a.HttpEntityMethodProcessor  : Using 'application/json', given [application/json, text/plain, */*] and supported [application/json, application/*+json]
2025-12-24T00:23:53.231+05:30 DEBUG 10368 --- [task-management-system] [http-nio-8080-exec-8] o.s.w.s.m.m.a.HttpEntityMethodProcessor  : Writing [[com.project.task_manager.dto.response.TaskResponse@713110dd]]
2025-12-24T00:23:53.232+05:30 DEBUG 10368 --- [task-management-system] [http-nio-8080-exec-8] o.s.web.servlet.DispatcherServlet        : Completed 200 OK
2025-12-24T00:25:29.360+05:30 DEBUG 10368 --- [task-management-system] [http-nio-8080-exec-4] o.s.web.servlet.DispatcherServlet        : GET "/api/projects/my-projects", parameters={}
2025-12-24T00:25:29.361+05:30 DEBUG 10368 --- [task-management-system] [http-nio-8080-exec-4] s.w.s.m.m.a.RequestMappingHandlerMapping : Mapped to com.project.task_manager.controller.ProjectController#getMyProjects()
2025-12-24T00:25:29.375+05:30 DEBUG 10368 --- [task-management-system] [http-nio-8080-exec-4] o.s.w.s.m.m.a.HttpEntityMethodProcessor  : Using 'application/json', given [application/json, text/plain, */*] and supported [application/json, application/*+json]
2025-12-24T00:25:29.377+05:30 DEBUG 10368 --- [task-management-system] [http-nio-8080-exec-4] o.s.w.s.m.m.a.HttpEntityMethodProcessor  : Writing [[com.project.task_manager.dto.response.ProjectResponse@e7de41d, com.project.task_manager.dto.respons (truncated)...]
2025-12-24T00:25:29.378+05:30 DEBUG 10368 --- [task-management-system] [http-nio-8080-exec-4] o.s.web.servlet.DispatcherServlet        : Completed 200 OK
2025-12-24T00:25:30.187+05:30 DEBUG 10368 --- [task-management-system] [http-nio-8080-exec-2] o.s.web.servlet.DispatcherServlet        : GET "/api/tasks/my-tasks", parameters={}
2025-12-24T00:25:30.188+05:30 DEBUG 10368 --- [task-management-system] [http-nio-8080-exec-2] s.w.s.m.m.a.RequestMappingHandlerMapping : Mapped to com.project.task_manager.controller.TaskController#getMyTasks()
2025-12-24T00:25:30.206+05:30 DEBUG 10368 --- [task-management-system] [http-nio-8080-exec-2] o.s.w.s.m.m.a.HttpEntityMethodProcessor  : Using 'application/json', given [application/json, text/plain, */*] and supported [application/json, application/*+json]
2025-12-24T00:25:30.206+05:30 DEBUG 10368 --- [task-management-system] [http-nio-8080-exec-2] o.s.w.s.m.m.a.HttpEntityMethodProcessor  : Writing [[com.project.task_manager.dto.response.TaskResponse@320e5be4]]
2025-12-24T00:25:30.208+05:30 DEBUG 10368 --- [task-management-system] [http-nio-8080-exec-2] o.s.web.servlet.DispatcherServlet        : Completed 200 OK
2025-12-24T00:25:31.789+05:30 DEBUG 10368 --- [task-management-system] [http-nio-8080-exec-7] o.s.web.servlet.DispatcherServlet        : GET "/api/projects/my-projects", parameters={}
2025-12-24T00:25:31.790+05:30 DEBUG 10368 --- [task-management-system] [http-nio-8080-exec-7] s.w.s.m.m.a.RequestMappingHandlerMapping : Mapped to com.project.task_manager.controller.ProjectController#getMyProjects()
2025-12-24T00:25:31.809+05:30 DEBUG 10368 --- [task-management-system] [http-nio-8080-exec-7] o.s.w.s.m.m.a.HttpEntityMethodProcessor  : Using 'application/json', given [application/json, text/plain, */*] and supported [application/json, application/*+json]
2025-12-24T00:25:31.809+05:30 DEBUG 10368 --- [task-management-system] [http-nio-8080-exec-7] o.s.w.s.m.m.a.HttpEntityMethodProcessor  : Writing [[com.project.task_manager.dto.response.ProjectResponse@2ba5ddfe, com.project.task_manager.dto.respon (truncated)...]
2025-12-24T00:25:31.811+05:30 DEBUG 10368 --- [task-management-system] [http-nio-8080-exec-7] o.s.web.servlet.DispatcherServlet        : Completed 200 OK
2025-12-24T00:25:32.894+05:30 DEBUG 10368 --- [task-management-system] [http-nio-8080-exec-1] o.s.web.servlet.DispatcherServlet        : GET "/api/projects/1", parameters={}
2025-12-24T00:25:32.895+05:30 DEBUG 10368 --- [task-management-system] [http-nio-8080-exec-1] s.w.s.m.m.a.RequestMappingHandlerMapping : Mapped to com.project.task_manager.controller.ProjectController#getProjectById(Long)
2025-12-24T00:25:32.925+05:30 DEBUG 10368 --- [task-management-system] [http-nio-8080-exec-1] o.s.w.s.m.m.a.HttpEntityMethodProcessor  : Using 'application/json', given [application/json, text/plain, */*] and supported [application/json, application/*+json]
2025-12-24T00:25:32.926+05:30 DEBUG 10368 --- [task-management-system] [http-nio-8080-exec-1] o.s.w.s.m.m.a.HttpEntityMethodProcessor  : Writing [com.project.task_manager.dto.response.ProjectResponse@32dff25]
2025-12-24T00:25:32.926+05:30 DEBUG 10368 --- [task-management-system] [http-nio-8080-exec-1] o.s.web.servlet.DispatcherServlet        : Completed 200 OK
2025-12-24T00:25:32.960+05:30 DEBUG 10368 --- [task-management-system] [http-nio-8080-exec-3] o.s.web.servlet.DispatcherServlet        : GET "/api/projects/1/stats", parameters={}
2025-12-24T00:25:32.963+05:30 DEBUG 10368 --- [task-management-system] [http-nio-8080-exec-3] o.s.w.s.handler.SimpleUrlHandlerMapping  : Mapped to ResourceHttpRequestHandler [classpath [META-INF/resources/], classpath [resources/], classpath [static/], classpath [public/], ServletContext [/]]
2025-12-24T00:25:32.971+05:30 DEBUG 10368 --- [task-management-system] [http-nio-8080-exec-10] o.s.web.servlet.DispatcherServlet        : GET "/api/tasks/project/1", parameters={}
2025-12-24T00:25:32.974+05:30 DEBUG 10368 --- [task-management-system] [http-nio-8080-exec-4] o.s.web.servlet.DispatcherServlet        : GET "/api/projects/1/team", parameters={}
2025-12-24T00:25:32.974+05:30 DEBUG 10368 --- [task-management-system] [http-nio-8080-exec-3] o.s.w.s.r.ResourceHttpRequestHandler     : Resource not found
2025-12-24T00:25:32.974+05:30 DEBUG 10368 --- [task-management-system] [http-nio-8080-exec-10] s.w.s.m.m.a.RequestMappingHandlerMapping : Mapped to com.project.task_manager.controller.TaskController#getTasksForProject(Long)
2025-12-24T00:25:32.975+05:30 DEBUG 10368 --- [task-management-system] [http-nio-8080-exec-4] s.w.s.m.m.a.RequestMappingHandlerMapping : Mapped to com.project.task_manager.controller.ProjectController#getProjectTeam(Long)
2025-12-24T00:25:32.976+05:30 DEBUG 10368 --- [task-management-system] [http-nio-8080-exec-3] .w.s.m.s.DefaultHandlerExceptionResolver : Resolved [org.springframework.web.servlet.resource.NoResourceFoundException: No static resource projects/1/stats.]
2025-12-24T00:25:32.977+05:30 DEBUG 10368 --- [task-management-system] [http-nio-8080-exec-3] o.s.web.servlet.DispatcherServlet        : Completed 404 NOT_FOUND
2025-12-24T00:25:32.992+05:30 DEBUG 10368 --- [task-management-system] [http-nio-8080-exec-10] o.s.w.s.m.m.a.HttpEntityMethodProcessor  : Using 'application/json', given [application/json, text/plain, */*] and supported [application/json, application/*+json]
2025-12-24T00:25:32.992+05:30 DEBUG 10368 --- [task-management-system] [http-nio-8080-exec-10] o.s.w.s.m.m.a.HttpEntityMethodProcessor  : Writing [[com.project.task_manager.dto.response.TaskResponse@27bee518]]
2025-12-24T00:25:32.996+05:30 DEBUG 10368 --- [task-management-system] [http-nio-8080-exec-10] o.s.web.servlet.DispatcherServlet        : Completed 200 OK
2025-12-24T00:25:33.010+05:30 DEBUG 10368 --- [task-management-system] [http-nio-8080-exec-4] o.s.w.s.m.m.a.HttpEntityMethodProcessor  : Using 'application/json', given [application/json, text/plain, */*] and supported [application/json, application/*+json]
2025-12-24T00:25:33.010+05:30 DEBUG 10368 --- [task-management-system] [http-nio-8080-exec-4] o.s.w.s.m.m.a.HttpEntityMethodProcessor  : Writing [[{role=MANAGER, joinedAt=2025-12-22T21:23:35.531303, userId=1, email=adithya_d@gmail.com, username=a (truncated)...]
2025-12-24T00:25:33.013+05:30 DEBUG 10368 --- [task-management-system] [http-nio-8080-exec-4] o.s.web.servlet.DispatcherServlet        : Completed 200 OK
2025-12-24T00:25:59.317+05:30 DEBUG 10368 --- [task-management-system] [http-nio-8080-exec-7] o.s.web.servlet.DispatcherServlet        : GET "/api/tasks/my-tasks", parameters={}
2025-12-24T00:25:59.317+05:30 DEBUG 10368 --- [task-management-system] [http-nio-8080-exec-7] s.w.s.m.m.a.RequestMappingHandlerMapping : Mapped to com.project.task_manager.controller.TaskController#getMyTasks()
2025-12-24T00:25:59.334+05:30 DEBUG 10368 --- [task-management-system] [http-nio-8080-exec-7] o.s.w.s.m.m.a.HttpEntityMethodProcessor  : Using 'application/json', given [application/json, text/plain, */*] and supported [application/json, application/*+json]
2025-12-24T00:25:59.334+05:30 DEBUG 10368 --- [task-management-system] [http-nio-8080-exec-7] o.s.w.s.m.m.a.HttpEntityMethodProcessor  : Writing [[com.project.task_manager.dto.response.TaskResponse@4bfb4ec7]]
2025-12-24T00:25:59.335+05:30 DEBUG 10368 --- [task-management-system] [http-nio-8080-exec-7] o.s.web.servlet.DispatcherServlet        : Completed 200 OK
